@!@!@STARTMSG 2262:0 @!@!@
TLC2 Version 2.16 of 31 December 2020 (rev: cdddf55)
@!@!@ENDMSG 2262 @!@!@
@!@!@STARTMSG 2187:0 @!@!@
Running breadth-first search Model-Checking with fp 11 and seed -3624502950549706397 with 1 worker on 8 cores with 3641MB heap and 64MB offheap memory [pid: 96121] (Mac OS X 13.3 aarch64, Oracle Corporation 19.0.2 x86_64, MSBDiskFPSet, DiskStateQueue).
@!@!@ENDMSG 2187 @!@!@
@!@!@STARTMSG 2220:0 @!@!@
Starting SANY...
@!@!@ENDMSG 2220 @!@!@
Parsing file /Users/annaphens/Desktop/college/VF/MAC/TLA+/ProcessoConcorrente_50196.tla
Parsing file /private/var/folders/8y/y36_lcmn0tq020nptms4sypw0000gn/T/Integers.tla
Parsing file /private/var/folders/8y/y36_lcmn0tq020nptms4sypw0000gn/T/TLC.tla
Parsing file /private/var/folders/8y/y36_lcmn0tq020nptms4sypw0000gn/T/Naturals.tla
Parsing file /private/var/folders/8y/y36_lcmn0tq020nptms4sypw0000gn/T/Sequences.tla
Parsing file /private/var/folders/8y/y36_lcmn0tq020nptms4sypw0000gn/T/FiniteSets.tla
Semantic processing of module Naturals
Semantic processing of module Integers
Semantic processing of module Sequences
Semantic processing of module FiniteSets
Semantic processing of module TLC
Semantic processing of module ProcessoConcorrente_50196
@!@!@STARTMSG 2219:0 @!@!@
SANY finished.
@!@!@ENDMSG 2219 @!@!@
@!@!@STARTMSG 2185:0 @!@!@
Starting... (2023-03-31 11:38:44)
@!@!@ENDMSG 2185 @!@!@
@!@!@STARTMSG 2212:0 @!@!@
Implied-temporal checking--satisfiability problem has 1 branches.
@!@!@ENDMSG 2212 @!@!@
@!@!@STARTMSG 2189:0 @!@!@
Computing initial states...
@!@!@ENDMSG 2189 @!@!@
@!@!@STARTMSG 2190:0 @!@!@
Finished computing initial states: 1 distinct state generated at 2023-03-31 11:38:44.
@!@!@ENDMSG 2190 @!@!@
@!@!@STARTMSG 2200:0 @!@!@
Progress(11) at 2023-03-31 11:38:44: 82 states generated, 35 distinct states found, 0 states left on queue.
@!@!@ENDMSG 2200 @!@!@
@!@!@STARTMSG 2192:0 @!@!@
Checking temporal properties for the complete state space with 35 total distinct states at (2023-03-31 11:38:44)
@!@!@ENDMSG 2192 @!@!@
@!@!@STARTMSG 2267:0 @!@!@
Finished checking temporal properties in 00s at 2023-03-31 11:38:44
@!@!@ENDMSG 2267 @!@!@
@!@!@STARTMSG 2193:0 @!@!@
Model checking completed. No error has been found.
  Estimates of the probability that TLC did not check all reachable states
  because two distinct states had the same fingerprint:
  calculated (optimistic):  val = 8.9E-17
@!@!@ENDMSG 2193 @!@!@
@!@!@STARTMSG 2201:0 @!@!@
The coverage statistics at 2023-03-31 11:38:44
@!@!@ENDMSG 2201 @!@!@
@!@!@STARTMSG 2773:0 @!@!@
<Init line 13, col 1 to line 13, col 4 of module ProcessoConcorrente_50196>: 1:1
@!@!@ENDMSG 2773 @!@!@
@!@!@STARTMSG 2221:0 @!@!@
  line 13, col 9 to line 13, col 91 of module ProcessoConcorrente_50196: 1
@!@!@ENDMSG 2221 @!@!@
@!@!@STARTMSG 2772:0 @!@!@
<Counter0 line 15, col 1 to line 15, col 11 of module ProcessoConcorrente_50196>: 12:24
@!@!@ENDMSG 2772 @!@!@
@!@!@STARTMSG 2221:0 @!@!@
  line 16, col 8 to line 16, col 16 of module ProcessoConcorrente_50196: 129
@!@!@ENDMSG 2221 @!@!@
@!@!@STARTMSG 2221:0 @!@!@
  |line 16, col 8 to line 16, col 12 of module ProcessoConcorrente_50196: 105
@!@!@ENDMSG 2221 @!@!@
@!@!@STARTMSG 2221:0 @!@!@
  line 17, col 11 to line 17, col 21 of module ProcessoConcorrente_50196: 24
@!@!@ENDMSG 2221 @!@!@
@!@!@STARTMSG 2221:0 @!@!@
  line 18, col 13 to line 20, col 41 of module ProcessoConcorrente_50196: 12
@!@!@ENDMSG 2221 @!@!@
@!@!@STARTMSG 2221:0 @!@!@
  line 21, col 13 to line 21, col 38 of module ProcessoConcorrente_50196: 12
@!@!@ENDMSG 2221 @!@!@
@!@!@STARTMSG 2221:0 @!@!@
  line 22, col 16 to line 22, col 35 of module ProcessoConcorrente_50196: 12
@!@!@ENDMSG 2221 @!@!@
@!@!@STARTMSG 2221:0 @!@!@
  line 23, col 8 to line 23, col 28 of module ProcessoConcorrente_50196: 24
@!@!@ENDMSG 2221 @!@!@
@!@!@STARTMSG 2772:0 @!@!@
<Counter1 line 25, col 1 to line 25, col 11 of module ProcessoConcorrente_50196>: 13:21
@!@!@ENDMSG 2772 @!@!@
@!@!@STARTMSG 2221:0 @!@!@
  line 26, col 8 to line 26, col 16 of module ProcessoConcorrente_50196: 126
@!@!@ENDMSG 2221 @!@!@
@!@!@STARTMSG 2221:0 @!@!@
  |line 26, col 8 to line 26, col 12 of module ProcessoConcorrente_50196: 105
@!@!@ENDMSG 2221 @!@!@
@!@!@STARTMSG 2221:0 @!@!@
  line 27, col 11 to line 27, col 15 of module ProcessoConcorrente_50196: 21
@!@!@ENDMSG 2221 @!@!@
@!@!@STARTMSG 2221:0 @!@!@
  line 28, col 13 to line 30, col 41 of module ProcessoConcorrente_50196: 9
@!@!@ENDMSG 2221 @!@!@
@!@!@STARTMSG 2221:0 @!@!@
  line 31, col 14 to line 33, col 42 of module ProcessoConcorrente_50196: 12
@!@!@ENDMSG 2221 @!@!@
@!@!@STARTMSG 2221:0 @!@!@
  line 34, col 8 to line 34, col 22 of module ProcessoConcorrente_50196: 21
@!@!@ENDMSG 2221 @!@!@
@!@!@STARTMSG 2772:0 @!@!@
<Counter2 line 36, col 1 to line 36, col 11 of module ProcessoConcorrente_50196>: 9:36
@!@!@ENDMSG 2772 @!@!@
@!@!@STARTMSG 2221:0 @!@!@
  line 37, col 8 to line 37, col 16 of module ProcessoConcorrente_50196: 141
@!@!@ENDMSG 2221 @!@!@
@!@!@STARTMSG 2221:0 @!@!@
  |line 37, col 8 to line 37, col 12 of module ProcessoConcorrente_50196: 105
@!@!@ENDMSG 2221 @!@!@
@!@!@STARTMSG 2221:0 @!@!@
  line 38, col 11 to line 38, col 43 of module ProcessoConcorrente_50196: 36
@!@!@ENDMSG 2221 @!@!@
@!@!@STARTMSG 2221:0 @!@!@
  |line 38, col 11 to line 38, col 21 of module ProcessoConcorrente_50196: 36
@!@!@ENDMSG 2221 @!@!@
@!@!@STARTMSG 2221:0 @!@!@
  |line 38, col 26 to line 38, col 43 of module ProcessoConcorrente_50196: 18
@!@!@ENDMSG 2221 @!@!@
@!@!@STARTMSG 2221:0 @!@!@
  line 39, col 13 to line 40, col 41 of module ProcessoConcorrente_50196: 9
@!@!@ENDMSG 2221 @!@!@
@!@!@STARTMSG 2221:0 @!@!@
  line 41, col 14 to line 42, col 41 of module ProcessoConcorrente_50196: 27
@!@!@ENDMSG 2221 @!@!@
@!@!@STARTMSG 2221:0 @!@!@
  line 43, col 8 to line 43, col 31 of module ProcessoConcorrente_50196: 36
@!@!@ENDMSG 2221 @!@!@
@!@!@STARTMSG 2774:0 @!@!@
<Action line 55, col 27 to line 55, col 54 of module ProcessoConcorrente_50196>
@!@!@ENDMSG 2774 @!@!@
@!@!@STARTMSG 2221:0 @!@!@
  line 55, col 27 to line 55, col 54 of module ProcessoConcorrente_50196: 35
@!@!@ENDMSG 2221 @!@!@
@!@!@STARTMSG 2221:0 @!@!@
  |line 55, col 43 to line 55, col 54 of module ProcessoConcorrente_50196: 50
@!@!@ENDMSG 2221 @!@!@
@!@!@STARTMSG 2221:0 @!@!@
  |line 55, col 36 to line 55, col 39 of module ProcessoConcorrente_50196: 35
@!@!@ENDMSG 2221 @!@!@
@!@!@STARTMSG 2774:0 @!@!@
<Action line 61, col 35 to line 61, col 92 of module ProcessoConcorrente_50196>
@!@!@ENDMSG 2774 @!@!@
@!@!@STARTMSG 2221:0 @!@!@
  line 61, col 35 to line 61, col 92 of module ProcessoConcorrente_50196: 35
@!@!@ENDMSG 2221 @!@!@
@!@!@STARTMSG 2221:0 @!@!@
  |line 61, col 36 to line 61, col 60 of module ProcessoConcorrente_50196: 35
@!@!@ENDMSG 2221 @!@!@
@!@!@STARTMSG 2221:0 @!@!@
  ||line 61, col 52 to line 61, col 60 of module ProcessoConcorrente_50196: 84
@!@!@ENDMSG 2221 @!@!@
@!@!@STARTMSG 2221:0 @!@!@
  ||line 61, col 45 to line 61, col 48 of module ProcessoConcorrente_50196: 35
@!@!@ENDMSG 2221 @!@!@
@!@!@STARTMSG 2221:0 @!@!@
  |line 61, col 67 to line 61, col 91 of module ProcessoConcorrente_50196: 16
@!@!@ENDMSG 2221 @!@!@
@!@!@STARTMSG 2221:0 @!@!@
  ||line 61, col 83 to line 61, col 91 of module ProcessoConcorrente_50196: 48
@!@!@ENDMSG 2221 @!@!@
@!@!@STARTMSG 2221:0 @!@!@
  ||line 61, col 76 to line 61, col 79 of module ProcessoConcorrente_50196: 16
@!@!@ENDMSG 2221 @!@!@
@!@!@STARTMSG 2202:0 @!@!@
End of statistics.
@!@!@ENDMSG 2202 @!@!@
@!@!@STARTMSG 2200:0 @!@!@
Progress(11) at 2023-03-31 11:38:44: 82 states generated (13,369 s/min), 35 distinct states found (5,706 ds/min), 0 states left on queue.
@!@!@ENDMSG 2200 @!@!@
@!@!@STARTMSG 2199:0 @!@!@
82 states generated, 35 distinct states found, 0 states left on queue.
@!@!@ENDMSG 2199 @!@!@
@!@!@STARTMSG 2194:0 @!@!@
The depth of the complete state graph search is 11.
@!@!@ENDMSG 2194 @!@!@
@!@!@STARTMSG 2268:0 @!@!@
The average outdegree of the complete state graph is 1 (minimum is 0, the maximum 3 and the 95th percentile is 2).
@!@!@ENDMSG 2268 @!@!@
@!@!@STARTMSG 2186:0 @!@!@
Finished in 371ms at (2023-03-31 11:38:44)
@!@!@ENDMSG 2186 @!@!@
